<?xml version="1.0" encoding="utf-8"?><testsuites name="pytest tests"><testsuite name="pytest" errors="0" failures="0" skipped="0" tests="31" time="13.220" timestamp="2026-05-17T14:44:49.239501+00:00" hostname="agent-env-0561a688-803d-473d-b160-2f703a3d3ee2"><testcase classname="backend.tests.backend_test.TestAuth" name="test_login_admin" time="0.497" /><testcase classname="backend.tests.backend_test.TestAuth" name="test_login_manager" time="0.359" /><testcase classname="backend.tests.backend_test.TestAuth" name="test_login_employee" time="0.386" /><testcase classname="backend.tests.backend_test.TestAuth" name="test_login_invalid" time="0.143" /><testcase classname="backend.tests.backend_test.TestAuth" name="test_me" time="0.394" /><testcase classname="backend.tests.backend_test.TestAuth" name="test_me_unauth" time="0.156" /><testcase classname="backend.tests.backend_test.TestAuth" name="test_logout" time="0.395" /><testcase classname="backend.tests.backend_test.TestAuth" name="test_register_duplicate" time="0.109" /><testcase classname="backend.tests.backend_test.TestGoals" name="test_create_and_list_goal_returns_id" time="0.682" /><testcase classname="backend.tests.backend_test.TestGoals" name="test_weightage_validation_too_low" time="0.371" /><testcase classname="backend.tests.backend_test.TestGoals" name="test_weightage_validation_too_high" time="0.376" /><testcase classname="backend.tests.backend_test.TestGoals" name="test_team_goals_employee_forbidden" time="0.428" /><testcase classname="backend.tests.backend_test.TestGoals" name="test_team_goals_manager_returns_ids" time="0.365" /><testcase classname="backend.tests.backend_test.TestGoals" name="test_approve_reject_flow" time="1.379" /><testcase classname="backend.tests.backend_test.TestGoals" name="test_reject_requires_reason_in_json_body" time="0.831" /><testcase classname="backend.tests.backend_test.TestCheckIns" name="test_checkin_progress_score" time="0.547" /><testcase classname="backend.tests.backend_test.TestAnalytics" name="test_dashboard_admin" time="0.367" /><testcase classname="backend.tests.backend_test.TestAnalytics" name="test_dashboard_manager" time="0.389" /><testcase classname="backend.tests.backend_test.TestAnalytics" name="test_dashboard_employee" time="0.358" /><testcase classname="backend.tests.backend_test.TestAnalytics" name="test_completion_rates" time="0.403" /><testcase classname="backend.tests.backend_test.TestAnalytics" name="test_qoq_trends" time="0.373" /><testcase classname="backend.tests.backend_test.TestAnalytics" name="test_thrust_area_distribution" time="0.380" /><testcase classname="backend.tests.backend_test.TestAnalytics" name="test_leaderboard" time="0.386" /><testcase classname="backend.tests.backend_test.TestAnalytics" name="test_audit_trail_admin" time="0.368" /><testcase classname="backend.tests.backend_test.TestAnalytics" name="test_audit_trail_employee_forbidden" time="0.382" /><testcase classname="backend.tests.backend_test.TestAnalytics" name="test_csv_export_manager" time="0.378" /><testcase classname="backend.tests.backend_test.TestAnalytics" name="test_csv_export_employee_forbidden" time="0.394" /><testcase classname="backend.tests.backend_test.TestTemplates" name="test_templates_returns_12" time="0.386" /><testcase classname="backend.tests.backend_test.TestActivitiesNotifications" name="test_activities_feed" time="0.375" /><testcase classname="backend.tests.backend_test.TestActivitiesNotifications" name="test_notifications" time="0.389" /><testcase classname="backend.tests.backend_test.TestActivitiesNotifications" name="test_mark_all_read" time="0.376" /></testsuite></testsuites>